<?xml version="1.0" encoding="UTF-8"?>
<testsuite name="Calculator_Testing.LibraryTest" tests="1" skipped="0" failures="0" errors="0" timestamp="2019-07-17T08:27:17" hostname="Admin-PC" time="0.015">
  <properties/>
  <testcase name="testSomeLibraryMethod" classname="Calculator_Testing.LibraryTest" time="0.015"/>
  <system-out><![CDATA[]]></system-out>
  <system-err><![CDATA[]]></system-err>
</testsuite>
